     1                                  section .text
     2                                  
     3                                  global _start
     4                                  
     5                                  _start: 
     6 00000000 B801000000                  mov rax, 0x01      ; write64 (rdi, rsi, rdx) ... r10, r8, r9
     7 00000005 BF01000000                  mov rdi, 1         ; stdout
     8 0000000A 48BE-                       mov rsi, Msg
     8 0000000C [0000000000000000] 
     9 00000014 BA0E000000                  mov rdx, MsgLen    ; strlen (Msg)
    10 00000019 0F05                        syscall
    11                                      
    12 0000001B B83C000000                  mov rax, 0x3C      ; exit64 (rdi)
    13 00000020 4831FF                      xor rdi, rdi
    14 00000023 0F05                        syscall
    15                                  
    16                                  section .data
    17                                  
    18 00000000 48656C6C6F2C20776F-     Msg:    db "Hello, world!", 0xa
    18 00000009 726C64210A         
    19                                  MsgLen  equ $ - Msg
    20                                  
    21                                  section .bss
